cabal: Entering directory '/var/folders/q8/jjq2mxx95hld1fnhhnw8_k5w0000gn/T/cabal-tmp-27047/appar-0.1.4'
Configuring appar-0.1.4...
Building appar-0.1.4...
Preprocessing library appar-0.1.4...
[1 of 5] Compiling Text.Appar.Input ( Text/Appar/Input.hs, dist/dist-sandbox-4b96eff2/build/Text/Appar/Input.o )
[2 of 5] Compiling Text.Appar.Parser ( Text/Appar/Parser.hs, dist/dist-sandbox-4b96eff2/build/Text/Appar/Parser.o )
[3 of 5] Compiling Text.Appar.LazyByteString ( Text/Appar/LazyByteString.hs, dist/dist-sandbox-4b96eff2/build/Text/Appar/LazyByteString.o )
[4 of 5] Compiling Text.Appar.String ( Text/Appar/String.hs, dist/dist-sandbox-4b96eff2/build/Text/Appar/String.o )
[5 of 5] Compiling Text.Appar.ByteString ( Text/Appar/ByteString.hs, dist/dist-sandbox-4b96eff2/build/Text/Appar/ByteString.o )
[1 of 5] Compiling Text.Appar.Input ( Text/Appar/Input.hs, dist/dist-sandbox-4b96eff2/build/Text/Appar/Input.p_o )
[2 of 5] Compiling Text.Appar.Parser ( Text/Appar/Parser.hs, dist/dist-sandbox-4b96eff2/build/Text/Appar/Parser.p_o )
[3 of 5] Compiling Text.Appar.LazyByteString ( Text/Appar/LazyByteString.hs, dist/dist-sandbox-4b96eff2/build/Text/Appar/LazyByteString.p_o )
[4 of 5] Compiling Text.Appar.String ( Text/Appar/String.hs, dist/dist-sandbox-4b96eff2/build/Text/Appar/String.p_o )
[5 of 5] Compiling Text.Appar.ByteString ( Text/Appar/ByteString.hs, dist/dist-sandbox-4b96eff2/build/Text/Appar/ByteString.p_o )
Running Haddock for appar-0.1.4...
Preprocessing library appar-0.1.4...
Haddock coverage:
  20% (  1 /  5) in 'Text.Appar.Input'
  Missing documentation for:
    Module header
     (Text/Appar/Input.hs:24)
     (Text/Appar/Input.hs:30)
     (Text/Appar/Input.hs:36)
  97% ( 36 / 37) in 'Text.Appar.Parser'
  Missing documentation for:
    MkParser (Text/Appar/Parser.hs:63)
  98% ( 39 / 40) in 'Text.Appar.LazyByteString'
  Missing documentation for:
    MkParser (Text/Appar/Parser.hs:63)
  98% ( 39 / 40) in 'Text.Appar.String'
  Missing documentation for:
    MkParser (Text/Appar/Parser.hs:63)
  98% ( 39 / 40) in 'Text.Appar.ByteString'
  Missing documentation for:
    MkParser (Text/Appar/Parser.hs:63)
Documentation created: dist/dist-sandbox-4b96eff2/doc/html/appar/index.html
Creating package registration file:
/var/folders/q8/jjq2mxx95hld1fnhhnw8_k5w0000gn/T/pkgConf-appar-0.113418536351808266298.4
Installing library in
/Users/emmablomsterberg/NetBeansProjects/functionalprogramming/haskell-webserver/haskell-scotty/.cabal-sandbox/lib/x86_64-osx-ghc-8.0.2/appar-0.1.4-DGWHHt2WRn9FI49prcwO9
Registering appar-0.1.4...
cabal: Leaving directory '/var/folders/q8/jjq2mxx95hld1fnhhnw8_k5w0000gn/T/cabal-tmp-27047/appar-0.1.4'
