cabal: Entering directory '/var/folders/q8/jjq2mxx95hld1fnhhnw8_k5w0000gn/T/cabal-tmp-27050/base-compat-0.9.3'
Configuring base-compat-0.9.3...
Building base-compat-0.9.3...
Preprocessing library base-compat-0.9.3...
[ 1 of 40] Compiling Text.Read.Compat ( src/Text/Read/Compat.hs, dist/dist-sandbox-4b96eff2/build/Text/Read/Compat.o )
[ 2 of 40] Compiling System.IO.Unsafe.Compat ( src/System/IO/Unsafe/Compat.hs, dist/dist-sandbox-4b96eff2/build/System/IO/Unsafe/Compat.o )
[ 3 of 40] Compiling System.Exit.Compat ( src/System/Exit/Compat.hs, dist/dist-sandbox-4b96eff2/build/System/Exit/Compat.o )
[ 4 of 40] Compiling System.Environment.Compat ( src/System/Environment/Compat.hs, dist/dist-sandbox-4b96eff2/build/System/Environment/Compat.o )
[ 5 of 40] Compiling Prelude.Compat   ( src/Prelude/Compat.hs, dist/dist-sandbox-4b96eff2/build/Prelude/Compat.o )
[ 6 of 40] Compiling Numeric.Compat   ( src/Numeric/Compat.hs, dist/dist-sandbox-4b96eff2/build/Numeric/Compat.o )
[ 7 of 40] Compiling Foreign.Marshal.Utils.Compat ( src/Foreign/Marshal/Utils/Compat.hs, dist/dist-sandbox-4b96eff2/build/Foreign/Marshal/Utils/Compat.o )
[ 8 of 40] Compiling Foreign.Marshal.Unsafe.Compat ( src/Foreign/Marshal/Unsafe/Compat.hs, dist/dist-sandbox-4b96eff2/build/Foreign/Marshal/Unsafe/Compat.o )
[ 9 of 40] Compiling Foreign.Marshal.Safe.Compat ( src/Foreign/Marshal/Safe/Compat.hs, dist/dist-sandbox-4b96eff2/build/Foreign/Marshal/Safe/Compat.o )
[10 of 40] Compiling Foreign.Marshal.Array.Compat ( src/Foreign/Marshal/Array/Compat.hs, dist/dist-sandbox-4b96eff2/build/Foreign/Marshal/Array/Compat.o )
[11 of 40] Compiling Foreign.Marshal.Alloc.Compat ( src/Foreign/Marshal/Alloc/Compat.hs, dist/dist-sandbox-4b96eff2/build/Foreign/Marshal/Alloc/Compat.o )
[12 of 40] Compiling Foreign.Marshal.Compat ( src/Foreign/Marshal/Compat.hs, dist/dist-sandbox-4b96eff2/build/Foreign/Marshal/Compat.o )
[13 of 40] Compiling Foreign.ForeignPtr.Unsafe.Compat ( src/Foreign/ForeignPtr/Unsafe/Compat.hs, dist/dist-sandbox-4b96eff2/build/Foreign/ForeignPtr/Unsafe/Compat.o )
[14 of 40] Compiling Foreign.ForeignPtr.Safe.Compat ( src/Foreign/ForeignPtr/Safe/Compat.hs, dist/dist-sandbox-4b96eff2/build/Foreign/ForeignPtr/Safe/Compat.o )
[15 of 40] Compiling Foreign.ForeignPtr.Compat ( src/Foreign/ForeignPtr/Compat.hs, dist/dist-sandbox-4b96eff2/build/Foreign/ForeignPtr/Compat.o )
[16 of 40] Compiling Foreign.Compat   ( src/Foreign/Compat.hs, dist/dist-sandbox-4b96eff2/build/Foreign/Compat.o )
[17 of 40] Compiling Debug.Trace.Compat ( src/Debug/Trace/Compat.hs, dist/dist-sandbox-4b96eff2/build/Debug/Trace/Compat.o )
[18 of 40] Compiling Data.Word.Compat ( src/Data/Word/Compat.hs, dist/dist-sandbox-4b96eff2/build/Data/Word/Compat.o )
[19 of 40] Compiling Data.Version.Compat ( src/Data/Version/Compat.hs, dist/dist-sandbox-4b96eff2/build/Data/Version/Compat.o )
[20 of 40] Compiling Data.Type.Coercion.Compat ( src/Data/Type/Coercion/Compat.hs, dist/dist-sandbox-4b96eff2/build/Data/Type/Coercion/Compat.o )
[21 of 40] Compiling Data.String.Compat ( src/Data/String/Compat.hs, dist/dist-sandbox-4b96eff2/build/Data/String/Compat.o )
[22 of 40] Compiling Data.STRef.Compat ( src/Data/STRef/Compat.hs, dist/dist-sandbox-4b96eff2/build/Data/STRef/Compat.o )
[23 of 40] Compiling Data.Ratio.Compat ( src/Data/Ratio/Compat.hs, dist/dist-sandbox-4b96eff2/build/Data/Ratio/Compat.o )
[24 of 40] Compiling Data.Proxy.Compat ( src/Data/Proxy/Compat.hs, dist/dist-sandbox-4b96eff2/build/Data/Proxy/Compat.o )
[25 of 40] Compiling Data.Monoid.Compat ( src/Data/Monoid/Compat.hs, dist/dist-sandbox-4b96eff2/build/Data/Monoid/Compat.o )
[26 of 40] Compiling Data.List.Compat ( src/Data/List/Compat.hs, dist/dist-sandbox-4b96eff2/build/Data/List/Compat.o )
[27 of 40] Compiling Data.IORef.Compat ( src/Data/IORef/Compat.hs, dist/dist-sandbox-4b96eff2/build/Data/IORef/Compat.o )
[28 of 40] Compiling Data.Functor.Const.Compat ( src/Data/Functor/Const/Compat.hs, dist/dist-sandbox-4b96eff2/build/Data/Functor/Const/Compat.o )
[29 of 40] Compiling Data.Functor.Compat ( src/Data/Functor/Compat.hs, dist/dist-sandbox-4b96eff2/build/Data/Functor/Compat.o )
[30 of 40] Compiling Data.Function.Compat ( src/Data/Function/Compat.hs, dist/dist-sandbox-4b96eff2/build/Data/Function/Compat.o )
[31 of 40] Compiling Data.Foldable.Compat ( src/Data/Foldable/Compat.hs, dist/dist-sandbox-4b96eff2/build/Data/Foldable/Compat.o )
[32 of 40] Compiling Data.Either.Compat ( src/Data/Either/Compat.hs, dist/dist-sandbox-4b96eff2/build/Data/Either/Compat.o )
[33 of 40] Compiling Data.Complex.Compat ( src/Data/Complex/Compat.hs, dist/dist-sandbox-4b96eff2/build/Data/Complex/Compat.o )
[34 of 40] Compiling Data.Bool.Compat ( src/Data/Bool/Compat.hs, dist/dist-sandbox-4b96eff2/build/Data/Bool/Compat.o )
[35 of 40] Compiling Data.Bits.Compat ( src/Data/Bits/Compat.hs, dist/dist-sandbox-4b96eff2/build/Data/Bits/Compat.o )
[36 of 40] Compiling Control.Monad.ST.Unsafe.Compat ( src/Control/Monad/ST/Unsafe/Compat.hs, dist/dist-sandbox-4b96eff2/build/Control/Monad/ST/Unsafe/Compat.o )
[37 of 40] Compiling Control.Monad.ST.Lazy.Unsafe.Compat ( src/Control/Monad/ST/Lazy/Unsafe/Compat.hs, dist/dist-sandbox-4b96eff2/build/Control/Monad/ST/Lazy/Unsafe/Compat.o )
[38 of 40] Compiling Control.Monad.Compat ( src/Control/Monad/Compat.hs, dist/dist-sandbox-4b96eff2/build/Control/Monad/Compat.o )
[39 of 40] Compiling Control.Concurrent.MVar.Compat ( src/Control/Concurrent/MVar/Compat.hs, dist/dist-sandbox-4b96eff2/build/Control/Concurrent/MVar/Compat.o )
[40 of 40] Compiling Control.Concurrent.Compat ( src/Control/Concurrent/Compat.hs, dist/dist-sandbox-4b96eff2/build/Control/Concurrent/Compat.o )
[ 1 of 40] Compiling Text.Read.Compat ( src/Text/Read/Compat.hs, dist/dist-sandbox-4b96eff2/build/Text/Read/Compat.p_o )
[ 2 of 40] Compiling System.IO.Unsafe.Compat ( src/System/IO/Unsafe/Compat.hs, dist/dist-sandbox-4b96eff2/build/System/IO/Unsafe/Compat.p_o )
[ 3 of 40] Compiling System.Exit.Compat ( src/System/Exit/Compat.hs, dist/dist-sandbox-4b96eff2/build/System/Exit/Compat.p_o )
[ 4 of 40] Compiling System.Environment.Compat ( src/System/Environment/Compat.hs, dist/dist-sandbox-4b96eff2/build/System/Environment/Compat.p_o )
[ 5 of 40] Compiling Prelude.Compat   ( src/Prelude/Compat.hs, dist/dist-sandbox-4b96eff2/build/Prelude/Compat.p_o )
[ 6 of 40] Compiling Numeric.Compat   ( src/Numeric/Compat.hs, dist/dist-sandbox-4b96eff2/build/Numeric/Compat.p_o )
[ 7 of 40] Compiling Foreign.Marshal.Utils.Compat ( src/Foreign/Marshal/Utils/Compat.hs, dist/dist-sandbox-4b96eff2/build/Foreign/Marshal/Utils/Compat.p_o )
[ 8 of 40] Compiling Foreign.Marshal.Unsafe.Compat ( src/Foreign/Marshal/Unsafe/Compat.hs, dist/dist-sandbox-4b96eff2/build/Foreign/Marshal/Unsafe/Compat.p_o )
[ 9 of 40] Compiling Foreign.Marshal.Safe.Compat ( src/Foreign/Marshal/Safe/Compat.hs, dist/dist-sandbox-4b96eff2/build/Foreign/Marshal/Safe/Compat.p_o )
[10 of 40] Compiling Foreign.Marshal.Array.Compat ( src/Foreign/Marshal/Array/Compat.hs, dist/dist-sandbox-4b96eff2/build/Foreign/Marshal/Array/Compat.p_o )
[11 of 40] Compiling Foreign.Marshal.Alloc.Compat ( src/Foreign/Marshal/Alloc/Compat.hs, dist/dist-sandbox-4b96eff2/build/Foreign/Marshal/Alloc/Compat.p_o )
[12 of 40] Compiling Foreign.Marshal.Compat ( src/Foreign/Marshal/Compat.hs, dist/dist-sandbox-4b96eff2/build/Foreign/Marshal/Compat.p_o )
[13 of 40] Compiling Foreign.ForeignPtr.Unsafe.Compat ( src/Foreign/ForeignPtr/Unsafe/Compat.hs, dist/dist-sandbox-4b96eff2/build/Foreign/ForeignPtr/Unsafe/Compat.p_o )
[14 of 40] Compiling Foreign.ForeignPtr.Safe.Compat ( src/Foreign/ForeignPtr/Safe/Compat.hs, dist/dist-sandbox-4b96eff2/build/Foreign/ForeignPtr/Safe/Compat.p_o )
[15 of 40] Compiling Foreign.ForeignPtr.Compat ( src/Foreign/ForeignPtr/Compat.hs, dist/dist-sandbox-4b96eff2/build/Foreign/ForeignPtr/Compat.p_o )
[16 of 40] Compiling Foreign.Compat   ( src/Foreign/Compat.hs, dist/dist-sandbox-4b96eff2/build/Foreign/Compat.p_o )
[17 of 40] Compiling Debug.Trace.Compat ( src/Debug/Trace/Compat.hs, dist/dist-sandbox-4b96eff2/build/Debug/Trace/Compat.p_o )
[18 of 40] Compiling Data.Word.Compat ( src/Data/Word/Compat.hs, dist/dist-sandbox-4b96eff2/build/Data/Word/Compat.p_o )
[19 of 40] Compiling Data.Version.Compat ( src/Data/Version/Compat.hs, dist/dist-sandbox-4b96eff2/build/Data/Version/Compat.p_o )
[20 of 40] Compiling Data.Type.Coercion.Compat ( src/Data/Type/Coercion/Compat.hs, dist/dist-sandbox-4b96eff2/build/Data/Type/Coercion/Compat.p_o )
[21 of 40] Compiling Data.String.Compat ( src/Data/String/Compat.hs, dist/dist-sandbox-4b96eff2/build/Data/String/Compat.p_o )
[22 of 40] Compiling Data.STRef.Compat ( src/Data/STRef/Compat.hs, dist/dist-sandbox-4b96eff2/build/Data/STRef/Compat.p_o )
[23 of 40] Compiling Data.Ratio.Compat ( src/Data/Ratio/Compat.hs, dist/dist-sandbox-4b96eff2/build/Data/Ratio/Compat.p_o )
[24 of 40] Compiling Data.Proxy.Compat ( src/Data/Proxy/Compat.hs, dist/dist-sandbox-4b96eff2/build/Data/Proxy/Compat.p_o )
[25 of 40] Compiling Data.Monoid.Compat ( src/Data/Monoid/Compat.hs, dist/dist-sandbox-4b96eff2/build/Data/Monoid/Compat.p_o )
[26 of 40] Compiling Data.List.Compat ( src/Data/List/Compat.hs, dist/dist-sandbox-4b96eff2/build/Data/List/Compat.p_o )
[27 of 40] Compiling Data.IORef.Compat ( src/Data/IORef/Compat.hs, dist/dist-sandbox-4b96eff2/build/Data/IORef/Compat.p_o )
[28 of 40] Compiling Data.Functor.Const.Compat ( src/Data/Functor/Const/Compat.hs, dist/dist-sandbox-4b96eff2/build/Data/Functor/Const/Compat.p_o )
[29 of 40] Compiling Data.Functor.Compat ( src/Data/Functor/Compat.hs, dist/dist-sandbox-4b96eff2/build/Data/Functor/Compat.p_o )
[30 of 40] Compiling Data.Function.Compat ( src/Data/Function/Compat.hs, dist/dist-sandbox-4b96eff2/build/Data/Function/Compat.p_o )
[31 of 40] Compiling Data.Foldable.Compat ( src/Data/Foldable/Compat.hs, dist/dist-sandbox-4b96eff2/build/Data/Foldable/Compat.p_o )
[32 of 40] Compiling Data.Either.Compat ( src/Data/Either/Compat.hs, dist/dist-sandbox-4b96eff2/build/Data/Either/Compat.p_o )
[33 of 40] Compiling Data.Complex.Compat ( src/Data/Complex/Compat.hs, dist/dist-sandbox-4b96eff2/build/Data/Complex/Compat.p_o )
[34 of 40] Compiling Data.Bool.Compat ( src/Data/Bool/Compat.hs, dist/dist-sandbox-4b96eff2/build/Data/Bool/Compat.p_o )
[35 of 40] Compiling Data.Bits.Compat ( src/Data/Bits/Compat.hs, dist/dist-sandbox-4b96eff2/build/Data/Bits/Compat.p_o )
[36 of 40] Compiling Control.Monad.ST.Unsafe.Compat ( src/Control/Monad/ST/Unsafe/Compat.hs, dist/dist-sandbox-4b96eff2/build/Control/Monad/ST/Unsafe/Compat.p_o )
[37 of 40] Compiling Control.Monad.ST.Lazy.Unsafe.Compat ( src/Control/Monad/ST/Lazy/Unsafe/Compat.hs, dist/dist-sandbox-4b96eff2/build/Control/Monad/ST/Lazy/Unsafe/Compat.p_o )
[38 of 40] Compiling Control.Monad.Compat ( src/Control/Monad/Compat.hs, dist/dist-sandbox-4b96eff2/build/Control/Monad/Compat.p_o )
[39 of 40] Compiling Control.Concurrent.MVar.Compat ( src/Control/Concurrent/MVar/Compat.hs, dist/dist-sandbox-4b96eff2/build/Control/Concurrent/MVar/Compat.p_o )
[40 of 40] Compiling Control.Concurrent.Compat ( src/Control/Concurrent/Compat.hs, dist/dist-sandbox-4b96eff2/build/Control/Concurrent/Compat.p_o )
Running Haddock for base-compat-0.9.3...
Preprocessing library base-compat-0.9.3...
Haddock coverage:
  89% ( 16 / 18) in 'Text.Read.Compat'
  Missing documentation for:
    Module header
    Lexeme
Warning: System.IO.Unsafe.Compat: Could not find documentation for exported module: Base
  67% (  2 /  3) in 'System.IO.Unsafe.Compat'
  Missing documentation for:
    Module header
Warning: System.Exit.Compat: Could not find documentation for exported module: Base
  50% (  1 /  2) in 'System.Exit.Compat'
  Missing documentation for:
    Module header
 100% ( 10 / 10) in 'System.Environment.Compat'
Warning: Prelude.Compat: Could not find documentation for exported module: Base
   0% (  0 /  1) in 'Prelude.Compat'
  Missing documentation for:
    Module header
Warning: Numeric.Compat: Could not find documentation for exported module: Base
  67% (  2 /  3) in 'Numeric.Compat'
  Missing documentation for:
    Module header
Warning: Foreign.Marshal.Utils.Compat: Could not find documentation for exported module: Base
  50% (  1 /  2) in 'Foreign.Marshal.Utils.Compat'
  Missing documentation for:
    Module header
  67% (  2 /  3) in 'Foreign.Marshal.Unsafe.Compat'
  Missing documentation for:
    Module header
  86% (  6 /  7) in 'Foreign.Marshal.Safe.Compat'
  Missing documentation for:
    Module header
Warning: Foreign.Marshal.Array.Compat: Could not find documentation for exported module: Base
  67% (  2 /  3) in 'Foreign.Marshal.Array.Compat'
  Missing documentation for:
    Module header
Warning: Foreign.Marshal.Alloc.Compat: Could not find documentation for exported module: Base
  67% (  2 /  3) in 'Foreign.Marshal.Alloc.Compat'
  Missing documentation for:
    Module header
Warning: Foreign.Marshal.Compat: Could not find documentation for exported module: Base
Warning: Foreign.Marshal.Compat: Could not find documentation for exported module: Alloc
Warning: Foreign.Marshal.Compat: Could not find documentation for exported module: Array
Warning: Foreign.Marshal.Compat: Could not find documentation for exported module: Utils
   0% (  0 /  1) in 'Foreign.Marshal.Compat'
  Missing documentation for:
    Module header
  67% (  2 /  3) in 'Foreign.ForeignPtr.Unsafe.Compat'
  Missing documentation for:
    Module header
  90% ( 19 / 21) in 'Foreign.ForeignPtr.Safe.Compat'
  Missing documentation for:
    Module header
    FinalizerEnvPtr
Warning: Foreign.ForeignPtr.Compat: Could not find documentation for exported module: Base
  50% (  1 /  2) in 'Foreign.ForeignPtr.Compat'
  Missing documentation for:
    Module header
Warning: Foreign.Compat: Could not find documentation for exported module: Base
Warning: Foreign.Compat: Could not find documentation for exported module: Marshal
   0% (  0 /  1) in 'Foreign.Compat'
  Missing documentation for:
    Module header
Warning: Debug.Trace.Compat: Could not find documentation for exported module: Base
  80% (  4 /  5) in 'Debug.Trace.Compat'
  Missing documentation for:
    Module header
Warning: Data.Word.Compat: Could not find documentation for exported module: Base
  75% (  3 /  4) in 'Data.Word.Compat'
  Missing documentation for:
    Module header
Warning: Data.Version.Compat: Could not find documentation for exported module: Base
  50% (  1 /  2) in 'Data.Version.Compat'
  Missing documentation for:
    Module header
Warning: Data.Type.Coercion.Compat: Could not find documentation for exported module: Base
  50% (  1 /  2) in 'Data.Type.Coercion.Compat'
  Missing documentation for:
    Module header
Warning: Data.String.Compat: Could not find documentation for exported module: Base
  83% (  5 /  6) in 'Data.String.Compat'
  Missing documentation for:
    Module header
Warning: Data.STRef.Compat: Could not find documentation for exported module: Base
  50% (  1 /  2) in 'Data.STRef.Compat'
  Missing documentation for:
    Module header
Warning: Data.Ratio.Compat: Could not find documentation for exported module: Base
   0% (  0 /  1) in 'Data.Ratio.Compat'
  Missing documentation for:
    Module header
Warning: Data.Proxy.Compat: Could not find documentation for exported module: Base
  50% (  1 /  2) in 'Data.Proxy.Compat'
  Missing documentation for:
    Module header
Warning: Data.Monoid.Compat: Could not find documentation for exported module: Base
  50% (  1 /  2) in 'Data.Monoid.Compat'
  Missing documentation for:
    Module header
Warning: Data.List.Compat: Could not find documentation for exported module: Base
   0% (  0 /  1) in 'Data.List.Compat'
  Missing documentation for:
    Module header
Warning: Data.IORef.Compat: Could not find documentation for exported module: Base
  75% (  3 /  4) in 'Data.IORef.Compat'
  Missing documentation for:
    Module header
  50% (  1 /  2) in 'Data.Functor.Const.Compat'
  Missing documentation for:
    Module header
Warning: Data.Functor.Compat: Could not find documentation for exported module: Base
  75% (  3 /  4) in 'Data.Functor.Compat'
  Missing documentation for:
    Module header
Warning: Data.Function.Compat: Could not find documentation for exported module: Base
  50% (  1 /  2) in 'Data.Function.Compat'
  Missing documentation for:
    Module header
Warning: Data.Foldable.Compat: Could not find documentation for exported module: Base
  67% (  2 /  3) in 'Data.Foldable.Compat'
  Missing documentation for:
    Module header
Warning: Data.Either.Compat: Could not find documentation for exported module: Base
  80% (  4 /  5) in 'Data.Either.Compat'
  Missing documentation for:
    Module header
Warning: Data.Complex.Compat: Could not find documentation for exported module: Base
   0% (  0 /  1) in 'Data.Complex.Compat'
  Missing documentation for:
    Module header
Warning: Data.Bool.Compat: Could not find documentation for exported module: Base
  50% (  1 /  2) in 'Data.Bool.Compat'
  Missing documentation for:
    Module header
Warning: Data.Bits.Compat: Could not find documentation for exported module: Base
  80% (  4 /  5) in 'Data.Bits.Compat'
  Missing documentation for:
    Module header
  20% (  1 /  5) in 'Control.Monad.ST.Unsafe.Compat'
  Missing documentation for:
    Module header
    unsafeInterleaveST
    unsafeIOToST
    unsafeSTToIO
  25% (  1 /  4) in 'Control.Monad.ST.Lazy.Unsafe.Compat'
  Missing documentation for:
    Module header
    unsafeInterleaveST
    unsafeIOToST
Warning: Control.Monad.Compat: Could not find documentation for exported module: Base
  67% (  2 /  3) in 'Control.Monad.Compat'
  Missing documentation for:
    Module header
Warning: Control.Concurrent.MVar.Compat: Could not find documentation for exported module: Base
  50% (  1 /  2) in 'Control.Concurrent.MVar.Compat'
  Missing documentation for:
    Module header
Warning: Control.Concurrent.Compat: Could not find documentation for exported module: Base
  67% (  2 /  3) in 'Control.Concurrent.Compat'
  Missing documentation for:
    Module header
Warning: Text.Read.Compat: could not find link destinations for:
    ~
Warning: Data.Functor.Const.Compat: could not find link destinations for:
    unsafeIndex unsafeRangeSize
Warning: Data.Functor.Compat: could not find link destinations for:
    P
Warning: Control.Monad.Compat: could not find link destinations for:
    P
Documentation created:
dist/dist-sandbox-4b96eff2/doc/html/base-compat/index.html
Creating package registration file:
/var/folders/q8/jjq2mxx95hld1fnhhnw8_k5w0000gn/T/pkgConf-base-compat-0.91399399247462242385.3
Installing library in
/Users/emmablomsterberg/NetBeansProjects/functionalprogramming/haskell-webserver/haskell-scotty/.cabal-sandbox/lib/x86_64-osx-ghc-8.0.2/base-compat-0.9.3-KeJp8zYMpcS9WibvTcxU22
Registering base-compat-0.9.3...
cabal: Leaving directory '/var/folders/q8/jjq2mxx95hld1fnhhnw8_k5w0000gn/T/cabal-tmp-27050/base-compat-0.9.3'
