cabal: Entering directory '/var/folders/q8/jjq2mxx95hld1fnhhnw8_k5w0000gn/T/cabal-tmp-27046/blaze-markup-0.8.0.0'
Configuring blaze-markup-0.8.0.0...
Building blaze-markup-0.8.0.0...
Preprocessing library blaze-markup-0.8.0.0...
[1 of 6] Compiling Text.Blaze.Internal ( src/Text/Blaze/Internal.hs, dist/dist-sandbox-4b96eff2/build/Text/Blaze/Internal.o )
[2 of 6] Compiling Text.Blaze.Renderer.String ( src/Text/Blaze/Renderer/String.hs, dist/dist-sandbox-4b96eff2/build/Text/Blaze/Renderer/String.o )
[3 of 6] Compiling Text.Blaze.Renderer.Pretty ( src/Text/Blaze/Renderer/Pretty.hs, dist/dist-sandbox-4b96eff2/build/Text/Blaze/Renderer/Pretty.o )
[4 of 6] Compiling Text.Blaze.Renderer.Text ( src/Text/Blaze/Renderer/Text.hs, dist/dist-sandbox-4b96eff2/build/Text/Blaze/Renderer/Text.o )
[5 of 6] Compiling Text.Blaze.Renderer.Utf8 ( src/Text/Blaze/Renderer/Utf8.hs, dist/dist-sandbox-4b96eff2/build/Text/Blaze/Renderer/Utf8.o )
[6 of 6] Compiling Text.Blaze       ( src/Text/Blaze.hs, dist/dist-sandbox-4b96eff2/build/Text/Blaze.o )
[1 of 6] Compiling Text.Blaze.Internal ( src/Text/Blaze/Internal.hs, dist/dist-sandbox-4b96eff2/build/Text/Blaze/Internal.p_o )
[2 of 6] Compiling Text.Blaze.Renderer.String ( src/Text/Blaze/Renderer/String.hs, dist/dist-sandbox-4b96eff2/build/Text/Blaze/Renderer/String.p_o )
[3 of 6] Compiling Text.Blaze.Renderer.Pretty ( src/Text/Blaze/Renderer/Pretty.hs, dist/dist-sandbox-4b96eff2/build/Text/Blaze/Renderer/Pretty.p_o )
[4 of 6] Compiling Text.Blaze.Renderer.Text ( src/Text/Blaze/Renderer/Text.hs, dist/dist-sandbox-4b96eff2/build/Text/Blaze/Renderer/Text.p_o )
[5 of 6] Compiling Text.Blaze.Renderer.Utf8 ( src/Text/Blaze/Renderer/Utf8.hs, dist/dist-sandbox-4b96eff2/build/Text/Blaze/Renderer/Utf8.p_o )
[6 of 6] Compiling Text.Blaze       ( src/Text/Blaze.hs, dist/dist-sandbox-4b96eff2/build/Text/Blaze.p_o )
Running Haddock for blaze-markup-0.8.0.0...
Preprocessing library blaze-markup-0.8.0.0...
Haddock coverage:
 100% ( 55 / 55) in 'Text.Blaze.Internal'
  75% (  3 /  4) in 'Text.Blaze.Renderer.String'
  Missing documentation for:
    renderHtml (src/Text/Blaze/Renderer/String.hs:93)
  67% (  2 /  3) in 'Text.Blaze.Renderer.Pretty'
  Missing documentation for:
    renderHtml (src/Text/Blaze/Renderer/Pretty.hs:56)
  56% (  5 /  9) in 'Text.Blaze.Renderer.Text'
  Missing documentation for:
    renderHtmlBuilder (src/Text/Blaze/Renderer/Text.hs:73)
    renderHtmlBuilderWith (src/Text/Blaze/Renderer/Text.hs:133)
    renderHtml (src/Text/Blaze/Renderer/Text.hs:149)
    renderHtmlWith (src/Text/Blaze/Renderer/Text.hs:164)
  86% (  6 /  7) in 'Text.Blaze.Renderer.Utf8'
  Missing documentation for:
    Module header
 100% ( 43 / 43) in 'Text.Blaze'
Warning: Text.Blaze.Internal: could not find link destinations for:
    ~
Documentation created:
dist/dist-sandbox-4b96eff2/doc/html/blaze-markup/index.html
Creating package registration file:
/var/folders/q8/jjq2mxx95hld1fnhhnw8_k5w0000gn/T/pkgConf-blaze-markup-0.8.0473917746118710299.0
Installing library in
/Users/emmablomsterberg/NetBeansProjects/functionalprogramming/haskell-webserver/haskell-scotty/.cabal-sandbox/lib/x86_64-osx-ghc-8.0.2/blaze-markup-0.8.0.0-4abICnzkLre3nDm1eh1hpw
Registering blaze-markup-0.8.0.0...
cabal: Leaving directory '/var/folders/q8/jjq2mxx95hld1fnhhnw8_k5w0000gn/T/cabal-tmp-27046/blaze-markup-0.8.0.0'
