cabal: Entering directory '/var/folders/q8/jjq2mxx95hld1fnhhnw8_k5w0000gn/T/cabal-tmp-27046/blaze-html-0.9.0.1'
Configuring blaze-html-0.9.0.1...
Building blaze-html-0.9.0.1...
Preprocessing library blaze-html-0.9.0.1...
[ 1 of 21] Compiling Text.Blaze.XHtml5.Attributes ( src/Text/Blaze/XHtml5/Attributes.hs, dist/dist-sandbox-4b96eff2/build/Text/Blaze/XHtml5/Attributes.o )
[ 2 of 21] Compiling Text.Blaze.XHtml1.Transitional.Attributes ( src/Text/Blaze/XHtml1/Transitional/Attributes.hs, dist/dist-sandbox-4b96eff2/build/Text/Blaze/XHtml1/Transitional/Attributes.o )
[ 3 of 21] Compiling Text.Blaze.XHtml1.Strict.Attributes ( src/Text/Blaze/XHtml1/Strict/Attributes.hs, dist/dist-sandbox-4b96eff2/build/Text/Blaze/XHtml1/Strict/Attributes.o )
[ 4 of 21] Compiling Text.Blaze.XHtml1.FrameSet.Attributes ( src/Text/Blaze/XHtml1/FrameSet/Attributes.hs, dist/dist-sandbox-4b96eff2/build/Text/Blaze/XHtml1/FrameSet/Attributes.o )
[ 5 of 21] Compiling Text.Blaze.Html5.Attributes ( src/Text/Blaze/Html5/Attributes.hs, dist/dist-sandbox-4b96eff2/build/Text/Blaze/Html5/Attributes.o )
[ 6 of 21] Compiling Text.Blaze.Html4.Transitional.Attributes ( src/Text/Blaze/Html4/Transitional/Attributes.hs, dist/dist-sandbox-4b96eff2/build/Text/Blaze/Html4/Transitional/Attributes.o )
[ 7 of 21] Compiling Text.Blaze.Html4.Strict.Attributes ( src/Text/Blaze/Html4/Strict/Attributes.hs, dist/dist-sandbox-4b96eff2/build/Text/Blaze/Html4/Strict/Attributes.o )
[ 8 of 21] Compiling Text.Blaze.Html4.FrameSet.Attributes ( src/Text/Blaze/Html4/FrameSet/Attributes.hs, dist/dist-sandbox-4b96eff2/build/Text/Blaze/Html4/FrameSet/Attributes.o )
[ 9 of 21] Compiling Text.Blaze.Html  ( src/Text/Blaze/Html.hs, dist/dist-sandbox-4b96eff2/build/Text/Blaze/Html.o )
[10 of 21] Compiling Text.Blaze.Html.Renderer.Pretty ( src/Text/Blaze/Html/Renderer/Pretty.hs, dist/dist-sandbox-4b96eff2/build/Text/Blaze/Html/Renderer/Pretty.o )
[11 of 21] Compiling Text.Blaze.Html.Renderer.String ( src/Text/Blaze/Html/Renderer/String.hs, dist/dist-sandbox-4b96eff2/build/Text/Blaze/Html/Renderer/String.o )
[12 of 21] Compiling Text.Blaze.Html.Renderer.Text ( src/Text/Blaze/Html/Renderer/Text.hs, dist/dist-sandbox-4b96eff2/build/Text/Blaze/Html/Renderer/Text.o )
[13 of 21] Compiling Text.Blaze.Html.Renderer.Utf8 ( src/Text/Blaze/Html/Renderer/Utf8.hs, dist/dist-sandbox-4b96eff2/build/Text/Blaze/Html/Renderer/Utf8.o )
[14 of 21] Compiling Text.Blaze.Html4.FrameSet ( src/Text/Blaze/Html4/FrameSet.hs, dist/dist-sandbox-4b96eff2/build/Text/Blaze/Html4/FrameSet.o )
[15 of 21] Compiling Text.Blaze.Html4.Strict ( src/Text/Blaze/Html4/Strict.hs, dist/dist-sandbox-4b96eff2/build/Text/Blaze/Html4/Strict.o )
[16 of 21] Compiling Text.Blaze.Html4.Transitional ( src/Text/Blaze/Html4/Transitional.hs, dist/dist-sandbox-4b96eff2/build/Text/Blaze/Html4/Transitional.o )
[17 of 21] Compiling Text.Blaze.Html5 ( src/Text/Blaze/Html5.hs, dist/dist-sandbox-4b96eff2/build/Text/Blaze/Html5.o )
[18 of 21] Compiling Text.Blaze.XHtml1.FrameSet ( src/Text/Blaze/XHtml1/FrameSet.hs, dist/dist-sandbox-4b96eff2/build/Text/Blaze/XHtml1/FrameSet.o )
[19 of 21] Compiling Text.Blaze.XHtml1.Strict ( src/Text/Blaze/XHtml1/Strict.hs, dist/dist-sandbox-4b96eff2/build/Text/Blaze/XHtml1/Strict.o )
[20 of 21] Compiling Text.Blaze.XHtml1.Transitional ( src/Text/Blaze/XHtml1/Transitional.hs, dist/dist-sandbox-4b96eff2/build/Text/Blaze/XHtml1/Transitional.o )
[21 of 21] Compiling Text.Blaze.XHtml5 ( src/Text/Blaze/XHtml5.hs, dist/dist-sandbox-4b96eff2/build/Text/Blaze/XHtml5.o )
[ 1 of 21] Compiling Text.Blaze.XHtml5.Attributes ( src/Text/Blaze/XHtml5/Attributes.hs, dist/dist-sandbox-4b96eff2/build/Text/Blaze/XHtml5/Attributes.p_o )
[ 2 of 21] Compiling Text.Blaze.XHtml1.Transitional.Attributes ( src/Text/Blaze/XHtml1/Transitional/Attributes.hs, dist/dist-sandbox-4b96eff2/build/Text/Blaze/XHtml1/Transitional/Attributes.p_o )
[ 3 of 21] Compiling Text.Blaze.XHtml1.Strict.Attributes ( src/Text/Blaze/XHtml1/Strict/Attributes.hs, dist/dist-sandbox-4b96eff2/build/Text/Blaze/XHtml1/Strict/Attributes.p_o )
[ 4 of 21] Compiling Text.Blaze.XHtml1.FrameSet.Attributes ( src/Text/Blaze/XHtml1/FrameSet/Attributes.hs, dist/dist-sandbox-4b96eff2/build/Text/Blaze/XHtml1/FrameSet/Attributes.p_o )
[ 5 of 21] Compiling Text.Blaze.Html5.Attributes ( src/Text/Blaze/Html5/Attributes.hs, dist/dist-sandbox-4b96eff2/build/Text/Blaze/Html5/Attributes.p_o )
[ 6 of 21] Compiling Text.Blaze.Html4.Transitional.Attributes ( src/Text/Blaze/Html4/Transitional/Attributes.hs, dist/dist-sandbox-4b96eff2/build/Text/Blaze/Html4/Transitional/Attributes.p_o )
[ 7 of 21] Compiling Text.Blaze.Html4.Strict.Attributes ( src/Text/Blaze/Html4/Strict/Attributes.hs, dist/dist-sandbox-4b96eff2/build/Text/Blaze/Html4/Strict/Attributes.p_o )
[ 8 of 21] Compiling Text.Blaze.Html4.FrameSet.Attributes ( src/Text/Blaze/Html4/FrameSet/Attributes.hs, dist/dist-sandbox-4b96eff2/build/Text/Blaze/Html4/FrameSet/Attributes.p_o )
[ 9 of 21] Compiling Text.Blaze.Html  ( src/Text/Blaze/Html.hs, dist/dist-sandbox-4b96eff2/build/Text/Blaze/Html.p_o )
[10 of 21] Compiling Text.Blaze.Html.Renderer.Pretty ( src/Text/Blaze/Html/Renderer/Pretty.hs, dist/dist-sandbox-4b96eff2/build/Text/Blaze/Html/Renderer/Pretty.p_o )
[11 of 21] Compiling Text.Blaze.Html.Renderer.String ( src/Text/Blaze/Html/Renderer/String.hs, dist/dist-sandbox-4b96eff2/build/Text/Blaze/Html/Renderer/String.p_o )
[12 of 21] Compiling Text.Blaze.Html.Renderer.Text ( src/Text/Blaze/Html/Renderer/Text.hs, dist/dist-sandbox-4b96eff2/build/Text/Blaze/Html/Renderer/Text.p_o )
[13 of 21] Compiling Text.Blaze.Html.Renderer.Utf8 ( src/Text/Blaze/Html/Renderer/Utf8.hs, dist/dist-sandbox-4b96eff2/build/Text/Blaze/Html/Renderer/Utf8.p_o )
[14 of 21] Compiling Text.Blaze.Html4.FrameSet ( src/Text/Blaze/Html4/FrameSet.hs, dist/dist-sandbox-4b96eff2/build/Text/Blaze/Html4/FrameSet.p_o )
[15 of 21] Compiling Text.Blaze.Html4.Strict ( src/Text/Blaze/Html4/Strict.hs, dist/dist-sandbox-4b96eff2/build/Text/Blaze/Html4/Strict.p_o )
[16 of 21] Compiling Text.Blaze.Html4.Transitional ( src/Text/Blaze/Html4/Transitional.hs, dist/dist-sandbox-4b96eff2/build/Text/Blaze/Html4/Transitional.p_o )
[17 of 21] Compiling Text.Blaze.Html5 ( src/Text/Blaze/Html5.hs, dist/dist-sandbox-4b96eff2/build/Text/Blaze/Html5.p_o )
[18 of 21] Compiling Text.Blaze.XHtml1.FrameSet ( src/Text/Blaze/XHtml1/FrameSet.hs, dist/dist-sandbox-4b96eff2/build/Text/Blaze/XHtml1/FrameSet.p_o )
[19 of 21] Compiling Text.Blaze.XHtml1.Strict ( src/Text/Blaze/XHtml1/Strict.hs, dist/dist-sandbox-4b96eff2/build/Text/Blaze/XHtml1/Strict.p_o )
[20 of 21] Compiling Text.Blaze.XHtml1.Transitional ( src/Text/Blaze/XHtml1/Transitional.hs, dist/dist-sandbox-4b96eff2/build/Text/Blaze/XHtml1/Transitional.p_o )
[21 of 21] Compiling Text.Blaze.XHtml5 ( src/Text/Blaze/XHtml5.hs, dist/dist-sandbox-4b96eff2/build/Text/Blaze/XHtml5.p_o )
Running Haddock for blaze-html-0.9.0.1...
Preprocessing library blaze-html-0.9.0.1...
Haddock coverage:
 100% (169 /169) in 'Text.Blaze.XHtml5.Attributes'
 100% (103 /103) in 'Text.Blaze.XHtml1.Transitional.Attributes'
 100% ( 92 / 92) in 'Text.Blaze.XHtml1.Strict.Attributes'
 100% (105 /105) in 'Text.Blaze.XHtml1.FrameSet.Attributes'
 100% (169 /169) in 'Text.Blaze.Html5.Attributes'
 100% (103 /103) in 'Text.Blaze.Html4.Transitional.Attributes'
 100% ( 92 / 92) in 'Text.Blaze.Html4.Strict.Attributes'
 100% (105 /105) in 'Text.Blaze.Html4.FrameSet.Attributes'
  20% (  1 /  5) in 'Text.Blaze.Html'
  Missing documentation for:
    Module header
    Html (src/Text/Blaze/Html.hs:10)
    toHtml (src/Text/Blaze/Html.hs:12)
    preEscapedToHtml (src/Text/Blaze/Html.hs:15)
   0% (  0 /  2) in 'Text.Blaze.Html.Renderer.Pretty'
  Missing documentation for:
    Module header
    renderHtml (src/Text/Blaze/Html/Renderer/Pretty.hs:8)
   0% (  0 /  2) in 'Text.Blaze.Html.Renderer.String'
  Missing documentation for:
    Module header
    renderHtml (src/Text/Blaze/Html/Renderer/String.hs:8)
   0% (  0 /  5) in 'Text.Blaze.Html.Renderer.Text'
  Missing documentation for:
    Module header
    renderHtmlBuilder (src/Text/Blaze/Html/Renderer/Text.hs:15)
    renderHtmlBuilderWith (src/Text/Blaze/Html/Renderer/Text.hs:18)
    renderHtml (src/Text/Blaze/Html/Renderer/Text.hs:21)
    renderHtmlWith (src/Text/Blaze/Html/Renderer/Text.hs:24)
   0% (  0 /  4) in 'Text.Blaze.Html.Renderer.Utf8'
  Missing documentation for:
    Module header
    renderHtmlBuilder (src/Text/Blaze/Html/Renderer/Utf8.hs:13)
    renderHtml (src/Text/Blaze/Html/Renderer/Utf8.hs:16)
    renderHtmlToByteStringIO (src/Text/Blaze/Html/Renderer/Utf8.hs:19)
 100% ( 93 / 93) in 'Text.Blaze.Html4.FrameSet'
 100% ( 80 / 80) in 'Text.Blaze.Html4.Strict'
 100% ( 91 / 91) in 'Text.Blaze.Html4.Transitional'
 100% (111 /111) in 'Text.Blaze.Html5'
 100% ( 93 / 93) in 'Text.Blaze.XHtml1.FrameSet'
 100% ( 80 / 80) in 'Text.Blaze.XHtml1.Strict'
 100% ( 91 / 91) in 'Text.Blaze.XHtml1.Transitional'
 100% (111 /111) in 'Text.Blaze.XHtml5'
Documentation created:
dist/dist-sandbox-4b96eff2/doc/html/blaze-html/index.html
Creating package registration file:
/var/folders/q8/jjq2mxx95hld1fnhhnw8_k5w0000gn/T/pkgConf-blaze-html-0.9.01287114315927515974.1
Installing library in
/Users/emmablomsterberg/NetBeansProjects/functionalprogramming/haskell-webserver/haskell-scotty/.cabal-sandbox/lib/x86_64-osx-ghc-8.0.2/blaze-html-0.9.0.1-Fwid2XitXEiIZtpZ6sG1RB
Registering blaze-html-0.9.0.1...
cabal: Leaving directory '/var/folders/q8/jjq2mxx95hld1fnhhnw8_k5w0000gn/T/cabal-tmp-27046/blaze-html-0.9.0.1'
