cabal: Entering directory '/var/folders/q8/jjq2mxx95hld1fnhhnw8_k5w0000gn/T/cabal-tmp-27054/data-default-class-0.1.2.0'
Configuring data-default-class-0.1.2.0...
Building data-default-class-0.1.2.0...
Preprocessing library data-default-class-0.1.2.0...
[1 of 1] Compiling Data.Default.Class ( Data/Default/Class.hs, dist/dist-sandbox-4b96eff2/build/Data/Default/Class.o )
[1 of 1] Compiling Data.Default.Class ( Data/Default/Class.hs, dist/dist-sandbox-4b96eff2/build/Data/Default/Class.p_o )
Running Haddock for data-default-class-0.1.2.0...
Preprocessing library data-default-class-0.1.2.0...
Haddock coverage:
  67% (  2 /  3) in 'Data.Default.Class'
  Missing documentation for:
    Module header
Warning: Data.Default.Class: could not find link destinations for:
    GDefault
Documentation created:
dist/dist-sandbox-4b96eff2/doc/html/data-default-class/index.html
Creating package registration file:
/var/folders/q8/jjq2mxx95hld1fnhhnw8_k5w0000gn/T/pkgConf-data-default-class-0.1.21681808623977764947.0
Installing library in
/Users/emmablomsterberg/NetBeansProjects/functionalprogramming/haskell-webserver/haskell-scotty/.cabal-sandbox/lib/x86_64-osx-ghc-8.0.2/data-default-class-0.1.2.0-GsXqKN6o1X9jr0fF5qCVD
Registering data-default-class-0.1.2.0...
cabal: Leaving directory '/var/folders/q8/jjq2mxx95hld1fnhhnw8_k5w0000gn/T/cabal-tmp-27054/data-default-class-0.1.2.0'
