cabal: Entering directory '/var/folders/q8/jjq2mxx95hld1fnhhnw8_k5w0000gn/T/cabal-tmp-27048/hashable-1.2.6.0'
Configuring hashable-1.2.6.0...
Building hashable-1.2.6.0...
Preprocessing library hashable-1.2.6.0...
[1 of 4] Compiling Data.Hashable.Class ( Data/Hashable/Class.hs, dist/dist-sandbox-4b96eff2/build/Data/Hashable/Class.o )
[2 of 4] Compiling Data.Hashable.Generic ( Data/Hashable/Generic.hs, dist/dist-sandbox-4b96eff2/build/Data/Hashable/Generic.o )

Data/Hashable/Generic.hs:21:1: warning: [-Wunused-imports]
    The import of ‘Data.Bits’ is redundant
      except perhaps to import instances from ‘Data.Bits’
    To import instances alone, use: import Data.Bits()
[3 of 4] Compiling Data.Hashable.Lifted ( Data/Hashable/Lifted.hs, dist/dist-sandbox-4b96eff2/build/Data/Hashable/Lifted.o )
[4 of 4] Compiling Data.Hashable    ( Data/Hashable.hs, dist/dist-sandbox-4b96eff2/build/Data/Hashable.o )
[1 of 4] Compiling Data.Hashable.Class ( Data/Hashable/Class.hs, dist/dist-sandbox-4b96eff2/build/Data/Hashable/Class.p_o )
[2 of 4] Compiling Data.Hashable.Generic ( Data/Hashable/Generic.hs, dist/dist-sandbox-4b96eff2/build/Data/Hashable/Generic.p_o )

Data/Hashable/Generic.hs:21:1: warning: [-Wunused-imports]
    The import of ‘Data.Bits’ is redundant
      except perhaps to import instances from ‘Data.Bits’
    To import instances alone, use: import Data.Bits()
[3 of 4] Compiling Data.Hashable.Lifted ( Data/Hashable/Lifted.hs, dist/dist-sandbox-4b96eff2/build/Data/Hashable/Lifted.p_o )
[4 of 4] Compiling Data.Hashable    ( Data/Hashable.hs, dist/dist-sandbox-4b96eff2/build/Data/Hashable.p_o )
Running Haddock for hashable-1.2.6.0...
Preprocessing library hashable-1.2.6.0...

Data/Hashable/Generic.hs:21:1: warning: [-Wunused-imports]
    The import of ‘Data.Bits’ is redundant
      except perhaps to import instances from ‘Data.Bits’
    To import instances alone, use: import Data.Bits()
Haddock coverage:
  81% ( 22 / 27) in 'Data.Hashable.Class'
  Missing documentation for:
    Hashable1 (Data/Hashable/Class.hs:251)
    Hashable2 (Data/Hashable/Class.hs:259)
    HashArgs (Data/Hashable/Class.hs:241)
    Zero (Data/Hashable/Class.hs:238)
    One (Data/Hashable/Class.hs:239)
 100% (  1 /  1) in 'Data.Hashable.Generic'
  80% (  8 / 10) in 'Data.Hashable.Lifted'
  Missing documentation for:
    Hashable1 (Data/Hashable/Class.hs:251)
    Hashable2 (Data/Hashable/Class.hs:259)
 100% ( 28 / 28) in 'Data.Hashable'
Warning: Data.Hashable.Lifted: could not find link destinations for:
    GHashable One
Warning: Data.Hashable: could not find link destinations for:
    GHashable Zero
Documentation created: dist/dist-sandbox-4b96eff2/doc/html/hashable/index.html
Creating package registration file:
/var/folders/q8/jjq2mxx95hld1fnhhnw8_k5w0000gn/T/pkgConf-hashable-1.2.65725477472083245269.0
Installing library in
/Users/emmablomsterberg/NetBeansProjects/functionalprogramming/haskell-webserver/haskell-scotty/.cabal-sandbox/lib/x86_64-osx-ghc-8.0.2/hashable-1.2.6.0-GfCa171VRKhAlL3gg88Jel
Registering hashable-1.2.6.0...
cabal: Leaving directory '/var/folders/q8/jjq2mxx95hld1fnhhnw8_k5w0000gn/T/cabal-tmp-27048/hashable-1.2.6.0'
