cabal: Entering directory '/var/folders/q8/jjq2mxx95hld1fnhhnw8_k5w0000gn/T/cabal-tmp-27045/http-date-0.0.6.1'
Configuring http-date-0.0.6.1...
Building http-date-0.0.6.1...
Preprocessing library http-date-0.0.6.1...
[1 of 5] Compiling Network.HTTP.Date.Types ( Network/HTTP/Date/Types.hs, dist/dist-sandbox-4b96eff2/build/Network/HTTP/Date/Types.o )
[2 of 5] Compiling Network.HTTP.Date.Parser ( Network/HTTP/Date/Parser.hs, dist/dist-sandbox-4b96eff2/build/Network/HTTP/Date/Parser.o )
[3 of 5] Compiling Network.HTTP.Date.Formatter ( Network/HTTP/Date/Formatter.hs, dist/dist-sandbox-4b96eff2/build/Network/HTTP/Date/Formatter.o )
[4 of 5] Compiling Network.HTTP.Date.Converter ( Network/HTTP/Date/Converter.hs, dist/dist-sandbox-4b96eff2/build/Network/HTTP/Date/Converter.o )

Network/HTTP/Date/Converter.hs:4:1: warning: [-Wunused-imports]
    The import of ‘Control.Applicative’ is redundant
      except perhaps to import instances from ‘Control.Applicative’
    To import instances alone, use: import Control.Applicative()

Network/HTTP/Date/Converter.hs:61:19: warning: [-Wdeprecations]
    In the use of ‘inlinePerformIO’
    (imported from Data.ByteString.Internal):
    Deprecated: "If you think you know what you are doing, use 'unsafePerformIO'. If you are sure you know what you are doing, use 'unsafeDupablePerformIO'. If you enjoy sharing an address space with a malevolent agent of chaos, try 'accursedUnutterablePerformIO'."
[5 of 5] Compiling Network.HTTP.Date ( Network/HTTP/Date.hs, dist/dist-sandbox-4b96eff2/build/Network/HTTP/Date.o )
[1 of 5] Compiling Network.HTTP.Date.Types ( Network/HTTP/Date/Types.hs, dist/dist-sandbox-4b96eff2/build/Network/HTTP/Date/Types.p_o )
[2 of 5] Compiling Network.HTTP.Date.Parser ( Network/HTTP/Date/Parser.hs, dist/dist-sandbox-4b96eff2/build/Network/HTTP/Date/Parser.p_o )
[3 of 5] Compiling Network.HTTP.Date.Formatter ( Network/HTTP/Date/Formatter.hs, dist/dist-sandbox-4b96eff2/build/Network/HTTP/Date/Formatter.p_o )
[4 of 5] Compiling Network.HTTP.Date.Converter ( Network/HTTP/Date/Converter.hs, dist/dist-sandbox-4b96eff2/build/Network/HTTP/Date/Converter.p_o )

Network/HTTP/Date/Converter.hs:4:1: warning: [-Wunused-imports]
    The import of ‘Control.Applicative’ is redundant
      except perhaps to import instances from ‘Control.Applicative’
    To import instances alone, use: import Control.Applicative()

Network/HTTP/Date/Converter.hs:61:19: warning: [-Wdeprecations]
    In the use of ‘inlinePerformIO’
    (imported from Data.ByteString.Internal):
    Deprecated: "If you think you know what you are doing, use 'unsafePerformIO'. If you are sure you know what you are doing, use 'unsafeDupablePerformIO'. If you enjoy sharing an address space with a malevolent agent of chaos, try 'accursedUnutterablePerformIO'."
[5 of 5] Compiling Network.HTTP.Date ( Network/HTTP/Date.hs, dist/dist-sandbox-4b96eff2/build/Network/HTTP/Date.p_o )
Running Haddock for http-date-0.0.6.1...
Preprocessing library http-date-0.0.6.1...

Network/HTTP/Date/Converter.hs:4:1: warning: [-Wunused-imports]
    The import of ‘Control.Applicative’ is redundant
      except perhaps to import instances from ‘Control.Applicative’
    To import instances alone, use: import Control.Applicative()

Network/HTTP/Date/Converter.hs:61:19: warning: [-Wdeprecations]
    In the use of ‘inlinePerformIO’
    (imported from Data.ByteString.Internal):
    Deprecated: "If you think you know what you are doing, use 'unsafePerformIO'. If you are sure you know what you are doing, use 'unsafeDupablePerformIO'. If you enjoy sharing an address space with a malevolent agent of chaos, try 'accursedUnutterablePerformIO'."
Haddock coverage:
  20% (  2 / 10) in 'Network.HTTP.Date.Types'
  Missing documentation for:
    Module header
    hdYear (Network/HTTP/Date/Types.hs:18)
    hdMonth (Network/HTTP/Date/Types.hs:19)
    hdDay (Network/HTTP/Date/Types.hs:20)
    hdHour (Network/HTTP/Date/Types.hs:21)
    hdMinute (Network/HTTP/Date/Types.hs:22)
    hdSecond (Network/HTTP/Date/Types.hs:23)
    hdWkday (Network/HTTP/Date/Types.hs:24)
  50% (  1 /  2) in 'Network.HTTP.Date.Parser'
  Missing documentation for:
    Module header
  50% (  1 /  2) in 'Network.HTTP.Date.Formatter'
  Missing documentation for:
    Module header
  50% (  1 /  2) in 'Network.HTTP.Date.Converter'
  Missing documentation for:
    Module header
  50% (  7 / 14) in 'Network.HTTP.Date'
  Missing documentation for:
    hdYear (Network/HTTP/Date/Types.hs:18)
    hdMonth (Network/HTTP/Date/Types.hs:19)
    hdDay (Network/HTTP/Date/Types.hs:20)
    hdHour (Network/HTTP/Date/Types.hs:21)
    hdMinute (Network/HTTP/Date/Types.hs:22)
    hdSecond (Network/HTTP/Date/Types.hs:23)
    hdWkday (Network/HTTP/Date/Types.hs:24)
Documentation created:
dist/dist-sandbox-4b96eff2/doc/html/http-date/index.html
Creating package registration file:
/var/folders/q8/jjq2mxx95hld1fnhhnw8_k5w0000gn/T/pkgConf-http-date-0.0.612081786981401494901.1
Installing library in
/Users/emmablomsterberg/NetBeansProjects/functionalprogramming/haskell-webserver/haskell-scotty/.cabal-sandbox/lib/x86_64-osx-ghc-8.0.2/http-date-0.0.6.1-9Q4ZTx9NMVrcVQ51rpD6A
Registering http-date-0.0.6.1...
cabal: Leaving directory '/var/folders/q8/jjq2mxx95hld1fnhhnw8_k5w0000gn/T/cabal-tmp-27045/http-date-0.0.6.1'
