cabal: Entering directory '/var/folders/q8/jjq2mxx95hld1fnhhnw8_k5w0000gn/T/cabal-tmp-27061/old-locale-1.0.0.7'
Configuring old-locale-1.0.0.7...
Building old-locale-1.0.0.7...
Preprocessing library old-locale-1.0.0.7...
[1 of 1] Compiling System.Locale    ( System/Locale.hs, dist/dist-sandbox-4b96eff2/build/System/Locale.o )
[1 of 1] Compiling System.Locale    ( System/Locale.hs, dist/dist-sandbox-4b96eff2/build/System/Locale.p_o )
Running Haddock for old-locale-1.0.0.7...
Preprocessing library old-locale-1.0.0.7...
Haddock coverage:
  60% (  3 /  5) in 'System.Locale'
  Missing documentation for:
    TimeLocale (System/Locale.hs:36)
    defaultTimeLocale (System/Locale.hs:49)
Documentation created:
dist/dist-sandbox-4b96eff2/doc/html/old-locale/index.html
Creating package registration file:
/var/folders/q8/jjq2mxx95hld1fnhhnw8_k5w0000gn/T/pkgConf-old-locale-1.0.012893357351755699915.7
Installing library in
/Users/emmablomsterberg/NetBeansProjects/functionalprogramming/haskell-webserver/haskell-scotty/.cabal-sandbox/lib/x86_64-osx-ghc-8.0.2/old-locale-1.0.0.7-KGBP1BSKxH5GCm0LnZP04j
Registering old-locale-1.0.0.7...
cabal: Leaving directory '/var/folders/q8/jjq2mxx95hld1fnhhnw8_k5w0000gn/T/cabal-tmp-27061/old-locale-1.0.0.7'
