cabal: Entering directory '/var/folders/q8/jjq2mxx95hld1fnhhnw8_k5w0000gn/T/cabal-tmp-27064/random-1.1'
Configuring random-1.1...
Building random-1.1...
Preprocessing library random-1.1...
[1 of 1] Compiling System.Random    ( System/Random.hs, dist/dist-sandbox-4b96eff2/build/System/Random.o )

System/Random.hs:43:1: warning: [-Wtabs]
    Tab character found here, and in 74 further locations.
    Please use spaces instead.
[1 of 1] Compiling System.Random    ( System/Random.hs, dist/dist-sandbox-4b96eff2/build/System/Random.p_o )

System/Random.hs:43:1: warning: [-Wtabs]
    Tab character found here, and in 74 further locations.
    Please use spaces instead.
Running Haddock for random-1.1...
Preprocessing library random-1.1...

System/Random.hs:43:1: warning: [-Wtabs]
    Tab character found here, and in 74 further locations.
    Please use spaces instead.
Haddock coverage:
Cannot find documentation for: $intro
 100% ( 16 / 16) in 'System.Random'
Documentation created: dist/dist-sandbox-4b96eff2/doc/html/random/index.html
Creating package registration file:
/var/folders/q8/jjq2mxx95hld1fnhhnw8_k5w0000gn/T/pkgConf-random-11828087692621301815.1
Installing library in
/Users/emmablomsterberg/NetBeansProjects/functionalprogramming/haskell-webserver/haskell-scotty/.cabal-sandbox/lib/x86_64-osx-ghc-8.0.2/random-1.1-9tceXaeYIMZ4JrKq20Egog
Registering random-1.1...
cabal: Leaving directory '/var/folders/q8/jjq2mxx95hld1fnhhnw8_k5w0000gn/T/cabal-tmp-27064/random-1.1'
