cabal: Entering directory '/var/folders/q8/jjq2mxx95hld1fnhhnw8_k5w0000gn/T/cabal-tmp-27048/regex-base-0.93.2'
Configuring regex-base-0.93.2...
Building regex-base-0.93.2...
Preprocessing library regex-base-0.93.2...
[1 of 4] Compiling Text.Regex.Base.RegexLike ( Text/Regex/Base/RegexLike.hs, dist/dist-sandbox-4b96eff2/build/Text/Regex/Base/RegexLike.o )
[2 of 4] Compiling Text.Regex.Base.Context ( Text/Regex/Base/Context.hs, dist/dist-sandbox-4b96eff2/build/Text/Regex/Base/Context.o )
[3 of 4] Compiling Text.Regex.Base  ( Text/Regex/Base.hs, dist/dist-sandbox-4b96eff2/build/Text/Regex/Base.o )

Text/Regex/Base.hs:55:13: warning: [-Wdeprecations]
    In the use of ‘versionTags’ (imported from Data.Version):
    Deprecated: "See GHC ticket #2496"
[4 of 4] Compiling Text.Regex.Base.Impl ( Text/Regex/Base/Impl.hs, dist/dist-sandbox-4b96eff2/build/Text/Regex/Base/Impl.o )
[1 of 4] Compiling Text.Regex.Base.RegexLike ( Text/Regex/Base/RegexLike.hs, dist/dist-sandbox-4b96eff2/build/Text/Regex/Base/RegexLike.p_o )
[2 of 4] Compiling Text.Regex.Base.Context ( Text/Regex/Base/Context.hs, dist/dist-sandbox-4b96eff2/build/Text/Regex/Base/Context.p_o )
[3 of 4] Compiling Text.Regex.Base  ( Text/Regex/Base.hs, dist/dist-sandbox-4b96eff2/build/Text/Regex/Base.p_o )

Text/Regex/Base.hs:55:13: warning: [-Wdeprecations]
    In the use of ‘versionTags’ (imported from Data.Version):
    Deprecated: "See GHC ticket #2496"
[4 of 4] Compiling Text.Regex.Base.Impl ( Text/Regex/Base/Impl.hs, dist/dist-sandbox-4b96eff2/build/Text/Regex/Base/Impl.p_o )
Running Haddock for regex-base-0.93.2...
Preprocessing library regex-base-0.93.2...

Text/Regex/Base.hs:55:13: warning: [-Wdeprecations]
    In the use of ‘versionTags’ (imported from Data.Version):
    Deprecated: "See GHC ticket #2496"
Haddock coverage:
  94% ( 17 / 18) in 'Text.Regex.Base.RegexLike'
  Missing documentation for:
    MatchText (Text/Regex/Base/RegexLike.hs:55)
 100% (  1 /  1) in 'Text.Regex.Base.Context'
  75% (  3 /  4) in 'Text.Regex.Base'
  Missing documentation for:
    getVersion_Text_Regex_Base (Text/Regex/Base.hs:52)
  33% (  1 /  3) in 'Text.Regex.Base.Impl'
  Missing documentation for:
    polymatch (Text/Regex/Base/Impl.hs:50)
    polymatchM (Text/Regex/Base/Impl.hs:56)
Documentation created:
dist/dist-sandbox-4b96eff2/doc/html/regex-base/index.html
Creating package registration file:
/var/folders/q8/jjq2mxx95hld1fnhhnw8_k5w0000gn/T/pkgConf-regex-base-0.93837204200578134256.2
Installing library in
/Users/emmablomsterberg/NetBeansProjects/functionalprogramming/haskell-webserver/haskell-scotty/.cabal-sandbox/lib/x86_64-osx-ghc-8.0.2/regex-base-0.93.2-3URDEr5Kbe07o8jW0I8mn7
Registering regex-base-0.93.2...
cabal: Leaving directory '/var/folders/q8/jjq2mxx95hld1fnhhnw8_k5w0000gn/T/cabal-tmp-27048/regex-base-0.93.2'
