cabal: Entering directory '/var/folders/q8/jjq2mxx95hld1fnhhnw8_k5w0000gn/T/cabal-tmp-27045/scientific-0.3.4.12'
Configuring scientific-0.3.4.12...
Building scientific-0.3.4.12...
Preprocessing library scientific-0.3.4.12...
[1 of 5] Compiling Utils            ( src/Utils.hs, dist/dist-sandbox-4b96eff2/build/Utils.o )
[2 of 5] Compiling GHC.Integer.Compat ( src/GHC/Integer/Compat.hs, dist/dist-sandbox-4b96eff2/build/GHC/Integer/Compat.o )
[3 of 5] Compiling Data.Scientific  ( src/Data/Scientific.hs, dist/dist-sandbox-4b96eff2/build/Data/Scientific.o )
[4 of 5] Compiling Data.Text.Lazy.Builder.Scientific ( src/Data/Text/Lazy/Builder/Scientific.hs, dist/dist-sandbox-4b96eff2/build/Data/Text/Lazy/Builder/Scientific.o )
[5 of 5] Compiling Data.ByteString.Builder.Scientific ( src/Data/ByteString/Builder/Scientific.hs, dist/dist-sandbox-4b96eff2/build/Data/ByteString/Builder/Scientific.o )
[1 of 5] Compiling Utils            ( src/Utils.hs, dist/dist-sandbox-4b96eff2/build/Utils.p_o )
[2 of 5] Compiling GHC.Integer.Compat ( src/GHC/Integer/Compat.hs, dist/dist-sandbox-4b96eff2/build/GHC/Integer/Compat.p_o )
[3 of 5] Compiling Data.Scientific  ( src/Data/Scientific.hs, dist/dist-sandbox-4b96eff2/build/Data/Scientific.p_o )
[4 of 5] Compiling Data.Text.Lazy.Builder.Scientific ( src/Data/Text/Lazy/Builder/Scientific.hs, dist/dist-sandbox-4b96eff2/build/Data/Text/Lazy/Builder/Scientific.p_o )
[5 of 5] Compiling Data.ByteString.Builder.Scientific ( src/Data/ByteString/Builder/Scientific.hs, dist/dist-sandbox-4b96eff2/build/Data/ByteString/Builder/Scientific.p_o )
Running Haddock for scientific-0.3.4.12...
Preprocessing library scientific-0.3.4.12...
Haddock coverage:
  33% (  1 /  3) in 'Utils'
  Missing documentation for:
    Module header
    roundTo (src/Utils.hs:12)
   0% (  0 /  2) in 'GHC.Integer.Compat'
  Missing documentation for:
    Module header
    divInteger
 100% ( 24 / 24) in 'Data.Scientific'
  75% (  3 /  4) in 'Data.Text.Lazy.Builder.Scientific'
  Missing documentation for:
    Module header
  75% (  3 /  4) in 'Data.ByteString.Builder.Scientific'
  Missing documentation for:
    Module header
Warning: Data.Scientific: could not find link destinations for:
    whenFloating
Documentation created:
dist/dist-sandbox-4b96eff2/doc/html/scientific/index.html
Creating package registration file:
/var/folders/q8/jjq2mxx95hld1fnhhnw8_k5w0000gn/T/pkgConf-scientific-0.3.41771814451476211373.12
Installing library in
/Users/emmablomsterberg/NetBeansProjects/functionalprogramming/haskell-webserver/haskell-scotty/.cabal-sandbox/lib/x86_64-osx-ghc-8.0.2/scientific-0.3.4.12-NWOWwZetjc1qIxABMEkRZ
Registering scientific-0.3.4.12...
cabal: Leaving directory '/var/folders/q8/jjq2mxx95hld1fnhhnw8_k5w0000gn/T/cabal-tmp-27045/scientific-0.3.4.12'
