cabal: Entering directory '/var/folders/q8/jjq2mxx95hld1fnhhnw8_k5w0000gn/T/cabal-tmp-27055/simple-sendfile-0.2.25'
Configuring simple-sendfile-0.2.25...
Building simple-sendfile-0.2.25...
Preprocessing library simple-sendfile-0.2.25...
[1 of 4] Compiling Network.Sendfile.Types ( Network/Sendfile/Types.hs, dist/dist-sandbox-4b96eff2/build/Network/Sendfile/Types.o )
[2 of 4] Compiling Network.Sendfile.IOVec ( dist/dist-sandbox-4b96eff2/build/Network/Sendfile/IOVec.hs, dist/dist-sandbox-4b96eff2/build/Network/Sendfile/IOVec.o )
[3 of 4] Compiling Network.Sendfile.BSD ( dist/dist-sandbox-4b96eff2/build/Network/Sendfile/BSD.hs, dist/dist-sandbox-4b96eff2/build/Network/Sendfile/BSD.o )
[4 of 4] Compiling Network.Sendfile ( Network/Sendfile.hs, dist/dist-sandbox-4b96eff2/build/Network/Sendfile.o )
[1 of 4] Compiling Network.Sendfile.Types ( Network/Sendfile/Types.hs, dist/dist-sandbox-4b96eff2/build/Network/Sendfile/Types.p_o )
[2 of 4] Compiling Network.Sendfile.IOVec ( dist/dist-sandbox-4b96eff2/build/Network/Sendfile/IOVec.hs, dist/dist-sandbox-4b96eff2/build/Network/Sendfile/IOVec.p_o )
[3 of 4] Compiling Network.Sendfile.BSD ( dist/dist-sandbox-4b96eff2/build/Network/Sendfile/BSD.hs, dist/dist-sandbox-4b96eff2/build/Network/Sendfile/BSD.p_o )
[4 of 4] Compiling Network.Sendfile ( Network/Sendfile.hs, dist/dist-sandbox-4b96eff2/build/Network/Sendfile.p_o )
Running Haddock for simple-sendfile-0.2.25...
Preprocessing library simple-sendfile-0.2.25...
Haddock coverage:
  50% (  1 /  2) in 'Network.Sendfile.Types'
  Missing documentation for:
    Module header
  20% (  1 /  5) in 'Network.Sendfile.IOVec'
  Missing documentation for:
    IOVec (Network/Sendfile/IOVec.hsc:26)
    SfHdtr (Network/Sendfile/IOVec.hsc:46)
    withSfHdtr (Network/Sendfile/IOVec.hsc:80)
    remainingChunks (Network/Sendfile/IOVec.hsc:88)
  80% (  4 /  5) in 'Network.Sendfile.BSD'
  Missing documentation for:
    Module header
 100% (  6 /  6) in 'Network.Sendfile'
Documentation created:
dist/dist-sandbox-4b96eff2/doc/html/simple-sendfile/index.html
Creating package registration file:
/var/folders/q8/jjq2mxx95hld1fnhhnw8_k5w0000gn/T/pkgConf-simple-sendfile-0.214946643051706755176.25
Installing library in
/Users/emmablomsterberg/NetBeansProjects/functionalprogramming/haskell-webserver/haskell-scotty/.cabal-sandbox/lib/x86_64-osx-ghc-8.0.2/simple-sendfile-0.2.25-FKjaroadeGyAvlozlp0jLe
Registering simple-sendfile-0.2.25...
cabal: Leaving directory '/var/folders/q8/jjq2mxx95hld1fnhhnw8_k5w0000gn/T/cabal-tmp-27055/simple-sendfile-0.2.25'
