cabal: Entering directory '/var/folders/q8/jjq2mxx95hld1fnhhnw8_k5w0000gn/T/cabal-tmp-27065/stringsearch-0.3.6.6'
Configuring stringsearch-0.3.6.6...
Building stringsearch-0.3.6.6...
Preprocessing library stringsearch-0.3.6.6...
[ 1 of 15] Compiling Data.ByteString.Search.Substitution ( Data/ByteString/Search/Substitution.hs, dist/dist-sandbox-4b96eff2/build/Data/ByteString/Search/Substitution.o )
[ 2 of 15] Compiling Data.ByteString.Search.KarpRabin ( Data/ByteString/Search/KarpRabin.hs, dist/dist-sandbox-4b96eff2/build/Data/ByteString/Search/KarpRabin.o )
[ 3 of 15] Compiling Data.ByteString.Search.Internal.Utils ( Data/ByteString/Search/Internal/Utils.hs, dist/dist-sandbox-4b96eff2/build/Data/ByteString/Search/Internal/Utils.o )
[ 4 of 15] Compiling Data.ByteString.Search.Internal.KnuthMorrisPratt ( Data/ByteString/Search/Internal/KnuthMorrisPratt.hs, dist/dist-sandbox-4b96eff2/build/Data/ByteString/Search/Internal/KnuthMorrisPratt.o )
[ 5 of 15] Compiling Data.ByteString.Search.KMP ( Data/ByteString/Search/KMP.hs, dist/dist-sandbox-4b96eff2/build/Data/ByteString/Search/KMP.o )
[ 6 of 15] Compiling Data.ByteString.Search.KnuthMorrisPratt ( Data/ByteString/Search/KnuthMorrisPratt.hs, dist/dist-sandbox-4b96eff2/build/Data/ByteString/Search/KnuthMorrisPratt.o )
[ 7 of 15] Compiling Data.ByteString.Search.Internal.BoyerMoore ( Data/ByteString/Search/Internal/BoyerMoore.hs, dist/dist-sandbox-4b96eff2/build/Data/ByteString/Search/Internal/BoyerMoore.o )
[ 8 of 15] Compiling Data.ByteString.Search.DFA ( Data/ByteString/Search/DFA.hs, dist/dist-sandbox-4b96eff2/build/Data/ByteString/Search/DFA.o )
[ 9 of 15] Compiling Data.ByteString.Search ( Data/ByteString/Search.hs, dist/dist-sandbox-4b96eff2/build/Data/ByteString/Search.o )
[10 of 15] Compiling Data.ByteString.Lazy.Search.KarpRabin ( Data/ByteString/Lazy/Search/KarpRabin.hs, dist/dist-sandbox-4b96eff2/build/Data/ByteString/Lazy/Search/KarpRabin.o )
[11 of 15] Compiling Data.ByteString.Lazy.Search.KMP ( Data/ByteString/Lazy/Search/KMP.hs, dist/dist-sandbox-4b96eff2/build/Data/ByteString/Lazy/Search/KMP.o )
[12 of 15] Compiling Data.ByteString.Lazy.Search.Internal.BoyerMoore ( Data/ByteString/Lazy/Search/Internal/BoyerMoore.hs, dist/dist-sandbox-4b96eff2/build/Data/ByteString/Lazy/Search/Internal/BoyerMoore.o )
[13 of 15] Compiling Data.ByteString.Search.BoyerMoore ( Data/ByteString/Search/BoyerMoore.hs, dist/dist-sandbox-4b96eff2/build/Data/ByteString/Search/BoyerMoore.o )
[14 of 15] Compiling Data.ByteString.Lazy.Search.DFA ( Data/ByteString/Lazy/Search/DFA.hs, dist/dist-sandbox-4b96eff2/build/Data/ByteString/Lazy/Search/DFA.o )
[15 of 15] Compiling Data.ByteString.Lazy.Search ( Data/ByteString/Lazy/Search.hs, dist/dist-sandbox-4b96eff2/build/Data/ByteString/Lazy/Search.o )
[ 1 of 15] Compiling Data.ByteString.Search.Substitution ( Data/ByteString/Search/Substitution.hs, dist/dist-sandbox-4b96eff2/build/Data/ByteString/Search/Substitution.p_o )
[ 2 of 15] Compiling Data.ByteString.Search.KarpRabin ( Data/ByteString/Search/KarpRabin.hs, dist/dist-sandbox-4b96eff2/build/Data/ByteString/Search/KarpRabin.p_o )
[ 3 of 15] Compiling Data.ByteString.Search.Internal.Utils ( Data/ByteString/Search/Internal/Utils.hs, dist/dist-sandbox-4b96eff2/build/Data/ByteString/Search/Internal/Utils.p_o )
[ 4 of 15] Compiling Data.ByteString.Search.Internal.KnuthMorrisPratt ( Data/ByteString/Search/Internal/KnuthMorrisPratt.hs, dist/dist-sandbox-4b96eff2/build/Data/ByteString/Search/Internal/KnuthMorrisPratt.p_o )
[ 5 of 15] Compiling Data.ByteString.Search.KMP ( Data/ByteString/Search/KMP.hs, dist/dist-sandbox-4b96eff2/build/Data/ByteString/Search/KMP.p_o )
[ 6 of 15] Compiling Data.ByteString.Search.KnuthMorrisPratt ( Data/ByteString/Search/KnuthMorrisPratt.hs, dist/dist-sandbox-4b96eff2/build/Data/ByteString/Search/KnuthMorrisPratt.p_o )
[ 7 of 15] Compiling Data.ByteString.Search.Internal.BoyerMoore ( Data/ByteString/Search/Internal/BoyerMoore.hs, dist/dist-sandbox-4b96eff2/build/Data/ByteString/Search/Internal/BoyerMoore.p_o )
[ 8 of 15] Compiling Data.ByteString.Search.DFA ( Data/ByteString/Search/DFA.hs, dist/dist-sandbox-4b96eff2/build/Data/ByteString/Search/DFA.p_o )
[ 9 of 15] Compiling Data.ByteString.Search ( Data/ByteString/Search.hs, dist/dist-sandbox-4b96eff2/build/Data/ByteString/Search.p_o )
[10 of 15] Compiling Data.ByteString.Lazy.Search.KarpRabin ( Data/ByteString/Lazy/Search/KarpRabin.hs, dist/dist-sandbox-4b96eff2/build/Data/ByteString/Lazy/Search/KarpRabin.p_o )
[11 of 15] Compiling Data.ByteString.Lazy.Search.KMP ( Data/ByteString/Lazy/Search/KMP.hs, dist/dist-sandbox-4b96eff2/build/Data/ByteString/Lazy/Search/KMP.p_o )
[12 of 15] Compiling Data.ByteString.Lazy.Search.Internal.BoyerMoore ( Data/ByteString/Lazy/Search/Internal/BoyerMoore.hs, dist/dist-sandbox-4b96eff2/build/Data/ByteString/Lazy/Search/Internal/BoyerMoore.p_o )
[13 of 15] Compiling Data.ByteString.Search.BoyerMoore ( Data/ByteString/Search/BoyerMoore.hs, dist/dist-sandbox-4b96eff2/build/Data/ByteString/Search/BoyerMoore.p_o )
[14 of 15] Compiling Data.ByteString.Lazy.Search.DFA ( Data/ByteString/Lazy/Search/DFA.hs, dist/dist-sandbox-4b96eff2/build/Data/ByteString/Lazy/Search/DFA.p_o )
[15 of 15] Compiling Data.ByteString.Lazy.Search ( Data/ByteString/Lazy/Search.hs, dist/dist-sandbox-4b96eff2/build/Data/ByteString/Lazy/Search.p_o )
Running Haddock for stringsearch-0.3.6.6...
Preprocessing library stringsearch-0.3.6.6...
Haddock coverage:
 100% (  2 /  2) in 'Data.ByteString.Search.Substitution'
 100% (  7 /  7) in 'Data.ByteString.Search.KarpRabin'
   9% (  1 / 11) in 'Data.ByteString.Search.Internal.Utils'
 100% ( 16 / 16) in 'Data.ByteString.Search.Internal.KnuthMorrisPratt'
 100% ( 10 / 10) in 'Data.ByteString.Search.KMP'
 100% ( 20 / 20) in 'Data.ByteString.Search.KnuthMorrisPratt'
  50% (  5 / 10) in 'Data.ByteString.Search.Internal.BoyerMoore'
 100% ( 19 / 19) in 'Data.ByteString.Search.DFA'
 100% ( 21 / 21) in 'Data.ByteString.Search'
 100% (  7 /  7) in 'Data.ByteString.Lazy.Search.KarpRabin'
 100% ( 12 / 12) in 'Data.ByteString.Lazy.Search.KMP'
  45% (  5 / 11) in 'Data.ByteString.Lazy.Search.Internal.BoyerMoore'
 100% ( 24 / 24) in 'Data.ByteString.Search.BoyerMoore'
 100% ( 20 / 20) in 'Data.ByteString.Lazy.Search.DFA'
 100% ( 28 / 28) in 'Data.ByteString.Lazy.Search'
Documentation created:
dist/dist-sandbox-4b96eff2/doc/html/stringsearch/index.html
Creating package registration file:
/var/folders/q8/jjq2mxx95hld1fnhhnw8_k5w0000gn/T/pkgConf-stringsearch-0.3.6174076737834991545.6
Installing library in
/Users/emmablomsterberg/NetBeansProjects/functionalprogramming/haskell-webserver/haskell-scotty/.cabal-sandbox/lib/x86_64-osx-ghc-8.0.2/stringsearch-0.3.6.6-G3NxqNokPuMI2Hal5fGJTm
Registering stringsearch-0.3.6.6...
cabal: Leaving directory '/var/folders/q8/jjq2mxx95hld1fnhhnw8_k5w0000gn/T/cabal-tmp-27065/stringsearch-0.3.6.6'
