cabal: Entering directory '/var/folders/q8/jjq2mxx95hld1fnhhnw8_k5w0000gn/T/cabal-tmp-27066/time-locale-compat-0.1.1.3'
Configuring time-locale-compat-0.1.1.3...
Building time-locale-compat-0.1.1.3...
Preprocessing library time-locale-compat-0.1.1.3...
[1 of 1] Compiling Data.Time.Locale.Compat ( src/Data/Time/Locale/Compat.hs, dist/dist-sandbox-4b96eff2/build/Data/Time/Locale/Compat.o )
[1 of 1] Compiling Data.Time.Locale.Compat ( src/Data/Time/Locale/Compat.hs, dist/dist-sandbox-4b96eff2/build/Data/Time/Locale/Compat.p_o )
Running Haddock for time-locale-compat-0.1.1.3...
Preprocessing library time-locale-compat-0.1.1.3...
Haddock coverage:
  86% (  6 /  7) in 'Data.Time.Locale.Compat'
  Missing documentation for:
    TimeLocale
Documentation created:
dist/dist-sandbox-4b96eff2/doc/html/time-locale-compat/index.html
Creating package registration file:
/var/folders/q8/jjq2mxx95hld1fnhhnw8_k5w0000gn/T/pkgConf-time-locale-compat-0.1.19449758251567121210.3
Installing library in
/Users/emmablomsterberg/NetBeansProjects/functionalprogramming/haskell-webserver/haskell-scotty/.cabal-sandbox/lib/x86_64-osx-ghc-8.0.2/time-locale-compat-0.1.1.3-KZ1jqNx8uhlHjmuPPj6V1Y
Registering time-locale-compat-0.1.1.3...
cabal: Leaving directory '/var/folders/q8/jjq2mxx95hld1fnhhnw8_k5w0000gn/T/cabal-tmp-27066/time-locale-compat-0.1.1.3'
