cabal: Entering directory '/var/folders/q8/jjq2mxx95hld1fnhhnw8_k5w0000gn/T/cabal-tmp-27069/unix-compat-0.4.3.1'
Configuring unix-compat-0.4.3.1...
Building unix-compat-0.4.3.1...
Preprocessing library unix-compat-0.4.3.1...
[1 of 8] Compiling System.PosixCompat.User ( dist/dist-sandbox-4b96eff2/build/System/PosixCompat/User.hs, dist/dist-sandbox-4b96eff2/build/System/PosixCompat/User.o )
[2 of 8] Compiling System.PosixCompat.Unistd ( src/System/PosixCompat/Unistd.hs, dist/dist-sandbox-4b96eff2/build/System/PosixCompat/Unistd.o )
[3 of 8] Compiling System.PosixCompat.Types ( src/System/PosixCompat/Types.hs, dist/dist-sandbox-4b96eff2/build/System/PosixCompat/Types.o )
[4 of 8] Compiling System.PosixCompat.Time ( src/System/PosixCompat/Time.hs, dist/dist-sandbox-4b96eff2/build/System/PosixCompat/Time.o )
[5 of 8] Compiling System.PosixCompat.Temp ( src/System/PosixCompat/Temp.hs, dist/dist-sandbox-4b96eff2/build/System/PosixCompat/Temp.o )
[6 of 8] Compiling System.PosixCompat.Files ( dist/dist-sandbox-4b96eff2/build/System/PosixCompat/Files.hs, dist/dist-sandbox-4b96eff2/build/System/PosixCompat/Files.o )
[7 of 8] Compiling System.PosixCompat.Extensions ( dist/dist-sandbox-4b96eff2/build/System/PosixCompat/Extensions.hs, dist/dist-sandbox-4b96eff2/build/System/PosixCompat/Extensions.o )
[8 of 8] Compiling System.PosixCompat ( src/System/PosixCompat.hs, dist/dist-sandbox-4b96eff2/build/System/PosixCompat.o )
[1 of 8] Compiling System.PosixCompat.User ( dist/dist-sandbox-4b96eff2/build/System/PosixCompat/User.hs, dist/dist-sandbox-4b96eff2/build/System/PosixCompat/User.p_o )
[2 of 8] Compiling System.PosixCompat.Unistd ( src/System/PosixCompat/Unistd.hs, dist/dist-sandbox-4b96eff2/build/System/PosixCompat/Unistd.p_o )
[3 of 8] Compiling System.PosixCompat.Types ( src/System/PosixCompat/Types.hs, dist/dist-sandbox-4b96eff2/build/System/PosixCompat/Types.p_o )
[4 of 8] Compiling System.PosixCompat.Time ( src/System/PosixCompat/Time.hs, dist/dist-sandbox-4b96eff2/build/System/PosixCompat/Time.p_o )
[5 of 8] Compiling System.PosixCompat.Temp ( src/System/PosixCompat/Temp.hs, dist/dist-sandbox-4b96eff2/build/System/PosixCompat/Temp.p_o )
[6 of 8] Compiling System.PosixCompat.Files ( dist/dist-sandbox-4b96eff2/build/System/PosixCompat/Files.hs, dist/dist-sandbox-4b96eff2/build/System/PosixCompat/Files.p_o )
[7 of 8] Compiling System.PosixCompat.Extensions ( dist/dist-sandbox-4b96eff2/build/System/PosixCompat/Extensions.hs, dist/dist-sandbox-4b96eff2/build/System/PosixCompat/Extensions.p_o )
[8 of 8] Compiling System.PosixCompat ( src/System/PosixCompat.hs, dist/dist-sandbox-4b96eff2/build/System/PosixCompat.p_o )
Running Haddock for unix-compat-0.4.3.1...
Preprocessing library unix-compat-0.4.3.1...
Haddock coverage:
  91% ( 21 / 23) in 'System.PosixCompat.User'
  Missing documentation for:
    GroupEntry
    UserEntry
  75% (  6 /  8) in 'System.PosixCompat.Unistd'
  Missing documentation for:
    SystemID
    getSystemID
 100% (  2 /  2) in 'System.PosixCompat.Types'
 100% (  2 /  2) in 'System.PosixCompat.Time'
 100% (  2 /  2) in 'System.PosixCompat.Temp'
  99% ( 77 / 78) in 'System.PosixCompat.Files'
  Missing documentation for:
    PathVar
  71% (  5 /  7) in 'System.PosixCompat.Extensions'
  Missing documentation for:
    CMajor (src/System/PosixCompat/Extensions.hsc:23)
    CMinor (src/System/PosixCompat/Extensions.hsc:24)
 100% (  8 /  8) in 'System.PosixCompat'
Documentation created:
dist/dist-sandbox-4b96eff2/doc/html/unix-compat/index.html
Creating package registration file:
/var/folders/q8/jjq2mxx95hld1fnhhnw8_k5w0000gn/T/pkgConf-unix-compat-0.4.3784170963454233502.1
Installing library in
/Users/emmablomsterberg/NetBeansProjects/functionalprogramming/haskell-webserver/haskell-scotty/.cabal-sandbox/lib/x86_64-osx-ghc-8.0.2/unix-compat-0.4.3.1-4UGk5Lzx1jh6odMZdBsQG0
Registering unix-compat-0.4.3.1...
cabal: Leaving directory '/var/folders/q8/jjq2mxx95hld1fnhhnw8_k5w0000gn/T/cabal-tmp-27069/unix-compat-0.4.3.1'
