cabal: Entering directory '/var/folders/q8/jjq2mxx95hld1fnhhnw8_k5w0000gn/T/cabal-tmp-27051/uuid-types-1.0.3'
Configuring uuid-types-1.0.3...
Building uuid-types-1.0.3...
Preprocessing library uuid-types-1.0.3...
[1 of 3] Compiling Data.UUID.Types.Internal.Builder ( Data/UUID/Types/Internal/Builder.hs, dist/dist-sandbox-4b96eff2/build/Data/UUID/Types/Internal/Builder.o )
[2 of 3] Compiling Data.UUID.Types.Internal ( Data/UUID/Types/Internal.hs, dist/dist-sandbox-4b96eff2/build/Data/UUID/Types/Internal.o )
[3 of 3] Compiling Data.UUID.Types  ( Data/UUID/Types.hs, dist/dist-sandbox-4b96eff2/build/Data/UUID/Types.o )
[1 of 3] Compiling Data.UUID.Types.Internal.Builder ( Data/UUID/Types/Internal/Builder.hs, dist/dist-sandbox-4b96eff2/build/Data/UUID/Types/Internal/Builder.p_o )
[2 of 3] Compiling Data.UUID.Types.Internal ( Data/UUID/Types/Internal.hs, dist/dist-sandbox-4b96eff2/build/Data/UUID/Types/Internal.p_o )
[3 of 3] Compiling Data.UUID.Types  ( Data/UUID/Types.hs, dist/dist-sandbox-4b96eff2/build/Data/UUID/Types.p_o )
Running Haddock for uuid-types-1.0.3...
Preprocessing library uuid-types-1.0.3...
Haddock coverage:
  29% (  2 /  7) in 'Data.UUID.Types.Internal.Builder'
  Missing documentation for:
    Module header
    Takes1Byte (Data/UUID/Types/Internal/Builder.hs:46)
    Takes2Bytes (Data/UUID/Types/Internal/Builder.hs:47)
    Takes3Bytes (Data/UUID/Types/Internal/Builder.hs:48)
    Takes4Bytes (Data/UUID/Types/Internal/Builder.hs:49)
  86% ( 19 / 22) in 'Data.UUID.Types.Internal'
  Missing documentation for:
    UnpackedUUID (Data/UUID/Types/Internal.hs:111)
    pack (Data/UUID/Types/Internal.hs:147)
    unpack (Data/UUID/Types/Internal.hs:127)
 100% ( 16 / 16) in 'Data.UUID.Types'
Documentation created:
dist/dist-sandbox-4b96eff2/doc/html/uuid-types/index.html
Creating package registration file:
/var/folders/q8/jjq2mxx95hld1fnhhnw8_k5w0000gn/T/pkgConf-uuid-types-1.09817476961116666771.3
Installing library in
/Users/emmablomsterberg/NetBeansProjects/functionalprogramming/haskell-webserver/haskell-scotty/.cabal-sandbox/lib/x86_64-osx-ghc-8.0.2/uuid-types-1.0.3-I7Wft1h3JEML1kAm2oXoxT
Registering uuid-types-1.0.3...
cabal: Leaving directory '/var/folders/q8/jjq2mxx95hld1fnhhnw8_k5w0000gn/T/cabal-tmp-27051/uuid-types-1.0.3'
