cabal: Entering directory '/var/folders/q8/jjq2mxx95hld1fnhhnw8_k5w0000gn/T/cabal-tmp-27045/wai-logger-2.3.0'
Configuring wai-logger-2.3.0...
Building wai-logger-2.3.0...
Preprocessing library wai-logger-2.3.0...
[1 of 4] Compiling Network.Wai.Logger.IP ( Network/Wai/Logger/IP.hs, dist/dist-sandbox-4b96eff2/build/Network/Wai/Logger/IP.o )
[2 of 4] Compiling Network.Wai.Logger.IORef ( Network/Wai/Logger/IORef.hs, dist/dist-sandbox-4b96eff2/build/Network/Wai/Logger/IORef.o )
[3 of 4] Compiling Network.Wai.Logger.Apache ( Network/Wai/Logger/Apache.hs, dist/dist-sandbox-4b96eff2/build/Network/Wai/Logger/Apache.o )
[4 of 4] Compiling Network.Wai.Logger ( Network/Wai/Logger.hs, dist/dist-sandbox-4b96eff2/build/Network/Wai/Logger.o )
[1 of 4] Compiling Network.Wai.Logger.IP ( Network/Wai/Logger/IP.hs, dist/dist-sandbox-4b96eff2/build/Network/Wai/Logger/IP.p_o )
[2 of 4] Compiling Network.Wai.Logger.IORef ( Network/Wai/Logger/IORef.hs, dist/dist-sandbox-4b96eff2/build/Network/Wai/Logger/IORef.p_o )
[3 of 4] Compiling Network.Wai.Logger.Apache ( Network/Wai/Logger/Apache.hs, dist/dist-sandbox-4b96eff2/build/Network/Wai/Logger/Apache.p_o )
[4 of 4] Compiling Network.Wai.Logger ( Network/Wai/Logger.hs, dist/dist-sandbox-4b96eff2/build/Network/Wai/Logger.p_o )
Running Haddock for wai-logger-2.3.0...
Preprocessing library wai-logger-2.3.0...
Warning: The documentation for the following packages are not installed. No
links will be generated to these packages: bytestring-builder-0.10.8.1.0
Haddock coverage:
  67% (  2 /  3) in 'Network.Wai.Logger.IP'
  Missing documentation for:
    Module header
  83% (  5 /  6) in 'Network.Wai.Logger.IORef'
  Missing documentation for:
    Module header
  75% (  3 /  4) in 'Network.Wai.Logger.Apache'
  Missing documentation for:
    Module header
  96% ( 23 / 24) in 'Network.Wai.Logger'
  Missing documentation for:
    logCheck (Network/Wai/Logger.hs:126)
Warning: Network.Wai.Logger: could not find link destinations for:
    NumericAddress
Documentation created:
dist/dist-sandbox-4b96eff2/doc/html/wai-logger/index.html
Creating package registration file:
/var/folders/q8/jjq2mxx95hld1fnhhnw8_k5w0000gn/T/pkgConf-wai-logger-2.35252449101633413200.0
Installing library in
/Users/emmablomsterberg/NetBeansProjects/functionalprogramming/haskell-webserver/haskell-scotty/.cabal-sandbox/lib/x86_64-osx-ghc-8.0.2/wai-logger-2.3.0-FKEqDH41vKELE3vo4Rqr4y
Registering wai-logger-2.3.0...
cabal: Leaving directory '/var/folders/q8/jjq2mxx95hld1fnhhnw8_k5w0000gn/T/cabal-tmp-27045/wai-logger-2.3.0'
