cabal: Entering directory '/var/folders/q8/jjq2mxx95hld1fnhhnw8_k5w0000gn/T/cabal-tmp-27045/wai-3.2.1.1'
Configuring wai-3.2.1.1...
Building wai-3.2.1.1...
Preprocessing library wai-3.2.1.1...
[1 of 2] Compiling Network.Wai.Internal ( Network/Wai/Internal.hs, dist/dist-sandbox-4b96eff2/build/Network/Wai/Internal.o )
[2 of 2] Compiling Network.Wai      ( Network/Wai.hs, dist/dist-sandbox-4b96eff2/build/Network/Wai.o )
[1 of 2] Compiling Network.Wai.Internal ( Network/Wai/Internal.hs, dist/dist-sandbox-4b96eff2/build/Network/Wai/Internal.p_o )
[2 of 2] Compiling Network.Wai      ( Network/Wai.hs, dist/dist-sandbox-4b96eff2/build/Network/Wai.p_o )
Running Haddock for wai-3.2.1.1...
Preprocessing library wai-3.2.1.1...
Warning: The documentation for the following packages are not installed. No
links will be generated to these packages: bytestring-builder-0.10.8.1.0
Haddock coverage:
  75% (  6 /  8) in 'Network.Wai.Internal'
  Missing documentation for:
     (Network/Wai/Internal.hs:98)
    Response (Network/Wai/Internal.hs:119)
  98% ( 47 / 48) in 'Network.Wai'
  Missing documentation for:
    Response (Network/Wai/Internal.hs:119)
Documentation created: dist/dist-sandbox-4b96eff2/doc/html/wai/index.html
Creating package registration file:
/var/folders/q8/jjq2mxx95hld1fnhhnw8_k5w0000gn/T/pkgConf-wai-3.2.17664905531799809565.1
Installing library in
/Users/emmablomsterberg/NetBeansProjects/functionalprogramming/haskell-webserver/haskell-scotty/.cabal-sandbox/lib/x86_64-osx-ghc-8.0.2/wai-3.2.1.1-6Z9rp32Pv4rIT5V9nAE6Zx
Registering wai-3.2.1.1...
cabal: Leaving directory '/var/folders/q8/jjq2mxx95hld1fnhhnw8_k5w0000gn/T/cabal-tmp-27045/wai-3.2.1.1'
